C51 COMPILER V9.00   KEY_ARRAYS                                                            05/04/2016 08:52:30 PAGE 1   


C51 COMPILER V9.00, COMPILATION OF MODULE KEY_ARRAYS
OBJECT MODULE PLACED IN key_arrays.OBJ
COMPILER INVOKED BY: G:\Keil\C51\BIN\C51.EXE key_arrays.c BROWSE DEBUG OBJECTEXTEND

line level    source

   1          #include <reg52.h>
   2          
   3          sbit KeyIn4 = P2^7;
   4          sbit KeyIn3 = P2^6;
   5          sbit KeyIn2 = P2^5;
   6          sbit KeyIn1 = P2^4;
   7          sbit KeyOut1 = P2^3;
   8          sbit KeyOut2 = P2^2;
   9          
  10          sbit ADDR0 = P1^0;
  11          sbit ADDR1 = P1^1;
  12          sbit ADDR2 = P1^2;
  13          sbit ADDR3 = P1^3;
  14          sbit ENLED = P1^4;
  15          
  16          sbit Led0 = P0^0;
  17          sbit Led1 = P0^1;
  18          sbit Led2 = P0^2;
  19          sbit Led3 = P0^3;
  20          sbit Led4 = P0^4;
  21          sbit Led5 = P0^5;
  22          sbit Led6 = P0^6;
  23          sbit Led7 = P0^7;
  24          
  25          bit s = 0;
  26          
  27          void led_init(void);
  28          void line_set(bit s);
  29          void delay(unsigned long time){
  30   1              while(time--);
  31   1      }
  32          void main(void) {
  33   1              led_init();
  34   1              while(1){
  35   2                      if(s==0)
  36   2                              s = 1;
  37   2                      else if(s==1)
  38   2                              s = 0;
  39   2                      line_set(s);    
  40   2                      
  41   2                      
  42   2                      if( (KeyIn1==0)&&(s==0) )
  43   2                              Led0 = 0;
  44   2                      else if( (KeyIn1==0)&&(s==1) )
  45   2                              Led4 = 0;
  46   2                      else if( (KeyIn2==0)&&(s==0) )
  47   2                              Led1 = 0;
  48   2                      else if( (KeyIn2==0)&&(s==1) )
  49   2                              Led5 = 0;
  50   2                      else if( (KeyIn3==0)&&(s==0) )
  51   2                              Led2 = 0;
  52   2                      else if( (KeyIn3==0)&&(s==1) )
  53   2                              Led6 = 0;
  54   2                      else if( (KeyIn4==0)&&(s==0) )
  55   2                              Led3 = 0;
C51 COMPILER V9.00   KEY_ARRAYS                                                            05/04/2016 08:52:30 PAGE 2   

  56   2                      else if( (KeyIn4==0)&&(s==1) )
  57   2                              Led7 = 0;
  58   2                      else
  59   2                              P0 = 0xFF;
  60   2      
  61   2                      delay(50);
  62   2              }
  63   1      }
  64          
  65          void led_init(void) {
  66   1              ADDR0 = 0;
  67   1              ADDR1 = 1;
  68   1              ADDR2 = 1;
  69   1              ADDR3 = 1;
  70   1              ENLED = 0;
  71   1              KeyIn1 = 1;
  72   1              KeyIn2 = 1;
  73   1              KeyIn3 = 1;
  74   1              KeyIn4 = 1;     
  75   1      }
  76          
  77          void line_set(bit s){
  78   1              if(s==0){
  79   2                      KeyOut1 = 0;
  80   2                      KeyOut2 = 1;
  81   2              }else if(s==1){
  82   2                      KeyOut1 = 1;
  83   2                      KeyOut2 = 0;
  84   2              }
  85   1      }       


MODULE INFORMATION:   STATIC OVERLAYABLE
   CODE SIZE        =    175    ----
   CONSTANT SIZE    =   ----    ----
   XDATA SIZE       =   ----    ----
   PDATA SIZE       =   ----    ----
   DATA SIZE        =   ----       4
   IDATA SIZE       =   ----    ----
   BIT SIZE         =      1       1
END OF MODULE INFORMATION.


C51 COMPILATION COMPLETE.  0 WARNING(S),  0 ERROR(S)
