C51 COMPILER V9.00   STEP_MOTOR                                                            04/28/2016 02:11:57 PAGE 1   


C51 COMPILER V9.00, COMPILATION OF MODULE STEP_MOTOR
OBJECT MODULE PLACED IN step_motor.OBJ
COMPILER INVOKED BY: G:\Keil\C51\BIN\C51.EXE step_motor.c BROWSE DEBUG OBJECTEXTEND

line level    source

   1          #include <reg52.h>
   2          
   3          sbit KeyIn4 = P2^7;
   4          sbit KeyIn3 = P2^6;
   5          sbit KeyIn2 = P2^5;
   6          sbit KeyIn1 = P2^4;
   7          sbit KeyOut1 = P2^3;
   8          sbit KeyOut2 = P2^2;
   9          sbit KeyOut3 = P2^1;
  10          sbit KeyOut4 = P2^0;
  11          
  12          unsigned char motor_tab[8] = {
  13                  0x07, 0x03, 0x0B, 0x09, 0x0D, 0x0C, 0x0E, 0x06
  14          };
  15          
  16          static bit is_res = 1;
  17          static bit is_stop = 0;
  18          
  19          void timer0_set (void) {
  20   1              TMOD = 0x01;    //  定时器0 十六位计数模式
  21   1              TL0 = 0xCD;             //      设置为 2ms
  22   1              TH0 = 0xF8;
  23   1              EA = 1;                 // 打开总中断
  24   1              ET0 = 1;                // 打开定时器0 中断
  25   1              TR0 = 1;                // 打开定时器0
  26   1      }
  27          
  28          
  29          void key1_set(void);
  30          
  31          void main(void) {
  32   1              timer0_set();
  33   1              key1_set();
  34   1              while(1){
  35   2                      if(!KeyOut1){
  36   3                              is_stop = 0;
  37   3                              is_res = 0;
  38   3                      }else if(!KeyOut3){
  39   3                              is_stop = 0;
  40   3                              is_res = 1;
  41   3                      }else
  42   2                              is_stop = 1;
  43   2              }
  44   1      }
  45          
  46          void key1_set(void){
  47   1              KeyIn4 = 0;
  48   1              KeyOut1 = 1;
  49   1              KeyOut3 = 1;
  50   1      }
  51          
  52          void timer0_interrupt(void) interrupt 1 {
  53   1              static signed char state = 0;
  54   1              unsigned char tmp;
  55   1              TL0 = 0xCD;
C51 COMPILER V9.00   STEP_MOTOR                                                            04/28/2016 02:11:57 PAGE 2   

  56   1              TH0 = 0xF8;
  57   1              tmp = P1;
  58   1              tmp = tmp & 0xF0;
  59   1              tmp = tmp | motor_tab[state];
  60   1              
  61   1              if(is_stop)
  62   1                      P1 = 0xFF;
  63   1              else
  64   1                      P1 = tmp;
  65   1      
  66   1              if(is_res)
  67   1                      state = state + 1;
  68   1              else
  69   1                      state = state - 1;      
  70   1      
  71   1              if(state>=8)
  72   1                      state = 0x00;
  73   1              else if(state<=0)
  74   1                      state = 0x07;
  75   1      }


MODULE INFORMATION:   STATIC OVERLAYABLE
   CODE SIZE        =    135    ----
   CONSTANT SIZE    =   ----    ----
   XDATA SIZE       =   ----    ----
   PDATA SIZE       =   ----    ----
   DATA SIZE        =      9    ----
   IDATA SIZE       =   ----    ----
   BIT SIZE         =      2    ----
END OF MODULE INFORMATION.


C51 COMPILATION COMPLETE.  0 WARNING(S),  0 ERROR(S)
