C51 COMPILER V9.00   1602_DRIVER                                                           05/02/2016 13:52:54 PAGE 1   


C51 COMPILER V9.00, COMPILATION OF MODULE 1602_DRIVER
OBJECT MODULE PLACED IN 1602_driver.OBJ
COMPILER INVOKED BY: G:\Keil\C51\BIN\C51.EXE 1602_driver.c BROWSE DEBUG OBJECTEXTEND

line level    source

   1          #include<reg52.h>
   2          #include"io.h"
   3          #include"globl.h"
   4          
   5          // 注意字符编码的问题，UTF-8 是坚决不显示的
   6          unsigned char str0[16] = "0123456789abcdef";
   7          
   8          // 忙检测，包含延时部分
   9          void busy_check(void){
  10   1              unsigned char sta = 0;
  11   1              RS = 0;
  12   1              RW = 1;
  13   1              do{
  14   2                      E = 1;
  15   2                      sta = DB;
  16   2                      E = 0;
  17   2              }while(sta&0x80);
  18   1      }
  19          
  20          // 写指令/地址
  21          void write_command(unsigned char command){
  22   1              RS = 0;
  23   1              RW = 0;
  24   1              DB = command;
  25   1              E = 1;
  26   1              E = 0;
  27   1      }
  28          
  29          // 写数据
  30          void write_data(unsigned char mydata){
  31   1              RS = 1;
  32   1              RW = 0;
  33   1              DB = mydata;
  34   1              E = 1;
  35   1              E = 0;
  36   1      }
  37          
  38          // 液晶初始化
  39          void lcd_init(void){
  40   1              busy_check();
  41   1              write_command(0x38);    //设置5*7 显示 8 个数据位
  42   1              busy_check();
  43   1              write_command(0x0C);    //开显示，不显示光标，光标不闪烁
  44   1              busy_check();
  45   1              write_command(0x06);
  46   1              busy_check();
  47   1              write_command(0x01);    //清屏
  48   1      }
  49          
  50          void lcd_clean(void){
  51   1              busy_check();
  52   1              write_command(0x01);    //清屏
  53   1      }
  54          
  55          // 液晶第一行显示函数
C51 COMPILER V9.00   1602_DRIVER                                                           05/02/2016 13:52:54 PAGE 2   

  56          void lcd_line1_display(unsigned char *str){
  57   1              unsigned char i = 0;
  58   1              while(*str != '\0'){
  59   2                      busy_check();
  60   2                      write_command(0x80 | i);
  61   2                      busy_check();
  62   2                      write_data(*str++);
  63   2                      i++;
  64   2              }
  65   1      }
  66          
  67          
  68          


MODULE INFORMATION:   STATIC OVERLAYABLE
   CODE SIZE        =    131    ----
   CONSTANT SIZE    =   ----    ----
   XDATA SIZE       =   ----    ----
   PDATA SIZE       =   ----    ----
   DATA SIZE        =     16       3
   IDATA SIZE       =   ----    ----
   BIT SIZE         =   ----    ----
END OF MODULE INFORMATION.


C51 COMPILATION COMPLETE.  0 WARNING(S),  0 ERROR(S)
