C51 COMPILER V9.00   UART_DRIVER                                                           05/02/2016 13:52:54 PAGE 1   


C51 COMPILER V9.00, COMPILATION OF MODULE UART_DRIVER
OBJECT MODULE PLACED IN uart_driver.OBJ
COMPILER INVOKED BY: G:\Keil\C51\BIN\C51.EXE uart_driver.c BROWSE DEBUG OBJECTEXTEND

line level    source

   1          #include<reg52.h>
   2          #include"io.h"
   3          #include"globl.h"
   4          
   5          unsigned char code uart_baud = 256 - 11059200/12/32/14400;
   6          
   7          void uart_config(void){
   8   1      //      PCON = PCON | 0x80;
   9   1              SCON = 0x50;
  10   1              ES = 1;         // 串口中断使能
  11   1      }
  12          
  13          void baud_config(void){
  14   1              TMOD = TMOD & 0x0F;             // 清零 高 8 位
  15   1              TMOD = TMOD | 0x20;             // 高 8 位设为 4'b0010 即自动重装模式
  16   1              EA = 1;
  17   1              IT1 = 0;                                //关闭 定时器 1 中断
  18   1              TH1 = uart_baud;
  19   1              TL1 = uart_baud;
  20   1              TR1 = 1;
  21   1      }
  22          


MODULE INFORMATION:   STATIC OVERLAYABLE
   CODE SIZE        =     29    ----
   CONSTANT SIZE    =      1    ----
   XDATA SIZE       =   ----    ----
   PDATA SIZE       =   ----    ----
   DATA SIZE        =   ----    ----
   IDATA SIZE       =   ----    ----
   BIT SIZE         =   ----    ----
END OF MODULE INFORMATION.


C51 COMPILATION COMPLETE.  0 WARNING(S),  0 ERROR(S)
