C51 COMPILER V9.00   KEY_CTRL                                                              04/22/2016 00:18:00 PAGE 1   


C51 COMPILER V9.00, COMPILATION OF MODULE KEY_CTRL
OBJECT MODULE PLACED IN key_ctrl.OBJ
COMPILER INVOKED BY: G:\Keil\C51\BIN\C51.EXE key_ctrl.c BROWSE DEBUG OBJECTEXTEND

line level    source

   1          #include <reg52.h>
   2          sbit KeyIn4 = P2^7;
   3          sbit KeyIn3 = P2^6;
   4          sbit KeyIn2 = P2^5;
   5          sbit KeyIn1 = P2^4;
   6          sbit KeyOut1 = P2^3;
   7          sbit KeyOut2 = P2^2;
   8          sbit KeyOut3 = P2^1;
   9          sbit KeyOut4 = P2^0;
  10          
  11          sbit ADDR0 = P1^0;
  12          sbit ADDR1 = P1^1;
  13          sbit ADDR2 = P1^2;
  14          sbit ADDR3 = P1^3;
  15          sbit ENLED = P1^4;
  16          sbit Led0 = P0^0;
  17          
  18          void led_init(void);
  19          void key1_set(void);
  20          
  21          void main(void) {
  22   1              led_init();
  23   1              key1_set();
  24   1              while(1){
  25   2                      if(KeyOut1)
  26   2                              Led0 = 1;
  27   2                      else
  28   2                              Led0 = 0;
  29   2              }
  30   1      }
  31          
  32          void led_init(void) {
  33   1              ADDR0 = 0;
  34   1              ADDR1 = 1;
  35   1              ADDR2 = 1;
  36   1              ADDR3 = 1;
  37   1              ENLED = 0;      
  38   1      }
  39          
  40          void key1_set(void){
  41   1              KeyIn1 = 0;
  42   1              KeyOut1 = 1;
  43   1      }


MODULE INFORMATION:   STATIC OVERLAYABLE
   CODE SIZE        =     33    ----
   CONSTANT SIZE    =   ----    ----
   XDATA SIZE       =   ----    ----
   PDATA SIZE       =   ----    ----
   DATA SIZE        =   ----    ----
   IDATA SIZE       =   ----    ----
   BIT SIZE         =   ----    ----
END OF MODULE INFORMATION.


C51 COMPILATION COMPLETE.  0 WARNING(S),  0 ERROR(S)
