C51 COMPILER V9.00   STOPWATCH                                                             04/29/2016 12:00:13 PAGE 1   


C51 COMPILER V9.00, COMPILATION OF MODULE STOPWATCH
OBJECT MODULE PLACED IN stopwatch.OBJ
COMPILER INVOKED BY: G:\Keil\C51\BIN\C51.EXE stopwatch.c BROWSE DEBUG OBJECTEXTEND

line level    source

   1          #include <reg52.h>
   2          #define DIG P0
   3          
   4          sbit ADDR2 = P1^2;
   5          sbit ADDR1 = P1^1;
   6          sbit ADDR0 = P1^0;
   7          
   8          sbit ADDR3 = P1^3;
   9          sbit ENLED = P1^4;
  10          
  11          unsigned char dig_tab[] = {
  12                  0xC0, 0xF9, 0xA4, 0xB0, 0x99, 0x92, 0x82, 0xF8,
  13                  0x80, 0x90
  14          };
  15          unsigned char sel = 0;
  16          unsigned long sec_cnt = 0;
  17          unsigned long sec = 0;
  18          unsigned char display[] = {0xFF, 0xFF, 0xFF, 0xFF, 0xFF, 0xFF};
  19          
  20          void dig_init(void);
  21          void dig_scan(unsigned char s, unsigned char *p);
  22          void timer0_set(void);
  23          void sec_calc(unsigned long sec, unsigned char *p);
  24          
  25          void main(void){
  26   1              dig_init();
  27   1              timer0_set();
  28   1              TF0 = 1;
  29   1              while(1){
  30   2                      sec_calc(sec, display);
  31   2              }
  32   1      }
  33          
  34          void sec_calc(unsigned long sec, unsigned char *p){
  35   1              unsigned char tmp = 0;
  36   1              tmp = (unsigned char)(sec%10);
  37   1              *p  = dig_tab[tmp];
  38   1              tmp = (unsigned char)(sec/10%10);
  39   1              *(p+1) = dig_tab[tmp];
  40   1              tmp = (unsigned char)(sec/100%10);
  41   1              *(p+2) = dig_tab[tmp];
  42   1              tmp = (unsigned char)(sec/1000%10);
  43   1              *(p+3) = dig_tab[tmp];
  44   1              tmp = (unsigned char)(sec/10000%10);
  45   1              *(p+4) = dig_tab[tmp];
  46   1              tmp = (unsigned char)(sec/100000%10);
  47   1              *(p+5) = dig_tab[tmp];
  48   1      }
  49          
  50          void dig_init(void) {
  51   1              ADDR3 = 1;
  52   1              ENLED = 0;
  53   1      }
  54          
  55          void dig_scan(unsigned char s, unsigned char *p) {
C51 COMPILER V9.00   STOPWATCH                                                             04/29/2016 12:00:13 PAGE 2   

  56   1              DIG = 0xFF;
  57   1              switch(s) {
  58   2                      case 0: ADDR2 = 0, ADDR1 = 0, ADDR0 = 0; DIG = *(p+0); break;
  59   2                      case 1: ADDR2 = 0, ADDR1 = 0, ADDR0 = 1; DIG = *(p+1); break;
  60   2                      case 2: ADDR2 = 0, ADDR1 = 1, ADDR0 = 0; DIG = *(p+2); break;
  61   2                      case 3: ADDR2 = 0, ADDR1 = 1, ADDR0 = 1; DIG = *(p+3); break;
  62   2                      case 4: ADDR2 = 1, ADDR1 = 0, ADDR0 = 0; DIG = *(p+4); break;
  63   2                      case 5: ADDR2 = 1, ADDR1 = 0, ADDR0 = 1; DIG = *(p+5); break;
  64   2                      default: break;
  65   2              }
  66   1      }
  67          
  68          void timer0_set(void) {
  69   1              TMOD = TMOD & 0xF0;
  70   1              TMOD = TMOD | 0x01;             // 8 位自动重装模式，定时 250 us
  71   1              TH0 = 0xFC;
  72   1              TL0 = 0x66;
  73   1              EA = 1;
  74   1              ET0 = 1;
  75   1              TR0 = 1;
  76   1      }
  77          
  78          void timer0_interrupt (void) interrupt 1 {
  79   1              TH0 = 0xFC;
  80   1              TL0 = 0x66;
  81   1      
  82   1              if(sel<6)
  83   1                      sel = sel + 1;
  84   1              else
  85   1                      sel = 0;
  86   1              
  87   1              if( (sec<100000)&&(sel>4) )
  88   1                      sel = 0;
  89   1              else if( (sec<10000)&&(sel>3) )
  90   1                      sel = 0;
  91   1              else if( (sec<1000)&&(sel>2) )
  92   1                      sel = 0;
  93   1              else if( (sec<100)&&(sel>1) )
  94   1                      sel = 0;
  95   1              else if( (sec<10)&&(sel>0) )
  96   1                      sel = 0;
  97   1                      
  98   1              if(sec_cnt<10)
  99   1                      sec_cnt = sec_cnt + 1;
 100   1              else {  
 101   2                      sec_cnt = 0;
 102   2                      sec = sec + 1;
 103   2                      
 104   2              }
 105   1              dig_scan(sel, display);
 106   1      }
 107          


MODULE INFORMATION:   STATIC OVERLAYABLE
   CODE SIZE        =    723    ----
   CONSTANT SIZE    =   ----    ----
   XDATA SIZE       =   ----    ----
   PDATA SIZE       =   ----    ----
   DATA SIZE        =     25       7
   IDATA SIZE       =   ----    ----
   BIT SIZE         =   ----    ----
C51 COMPILER V9.00   STOPWATCH                                                             04/29/2016 12:00:13 PAGE 3   

END OF MODULE INFORMATION.


C51 COMPILATION COMPLETE.  0 WARNING(S),  0 ERROR(S)
