C51 COMPILER V9.00   DIG_DRIVER                                                            05/02/2016 08:02:08 PAGE 1   


C51 COMPILER V9.00, COMPILATION OF MODULE DIG_DRIVER
OBJECT MODULE PLACED IN dig_driver.OBJ
COMPILER INVOKED BY: G:\Keil\C51\BIN\C51.EXE dig_driver.c BROWSE DEBUG OBJECTEXTEND

line level    source

   1          #include <reg52.h>
   2          #include "io.h"
   3          #include "globl.h"
   4          
   5          unsigned char sel = 0;
   6          unsigned long sec = 0;
   7          unsigned char display[] = {
   8                  0xFF, 0xFF, 0xFF, 0xFF, 0xFF, 0xFF
   9          };
  10          
  11          unsigned char dig_tab[] = {
  12                  0xC0, 0xF9, 0xA4, 0xB0, 0x99, 0x92, 0x82, 0xF8,
  13                  0x80, 0x90
  14          };
  15          
  16          void sec_calc(unsigned long sec, unsigned char *p){
  17   1              unsigned char tmp = 0;
  18   1              tmp = (unsigned char)(sec%10);
  19   1              *p  = dig_tab[tmp];
  20   1              tmp = (unsigned char)(sec/10%10);
  21   1              *(p+1) = dig_tab[tmp];
  22   1              tmp = (unsigned char)(sec/100%10);
  23   1              *(p+2) = dig_tab[tmp];
  24   1              tmp = (unsigned char)(sec/1000%10);
  25   1              *(p+3) = dig_tab[tmp];
  26   1              tmp = (unsigned char)(sec/10000%10);
  27   1              *(p+4) = dig_tab[tmp];
  28   1              tmp = (unsigned char)(sec/100000%10);
  29   1              *(p+5) = dig_tab[tmp];
  30   1      }
  31          
  32          void dig_init(void) {
  33   1              ADDR3 = 1;
  34   1              ENLED = 0;
  35   1      }
  36          
  37          void dig_scan(unsigned char s, unsigned char *p) {
  38   1              DIG = 0xFF;
  39   1              switch(s) {
  40   2                      case 0: ADDR2 = 0, ADDR1 = 0, ADDR0 = 0; DIG = *(p+0); break;
  41   2                      case 1: ADDR2 = 0, ADDR1 = 0, ADDR0 = 1; DIG = *(p+1); break;
  42   2                      case 2: ADDR2 = 0, ADDR1 = 1, ADDR0 = 0; DIG = *(p+2); break;
  43   2                      case 3: ADDR2 = 0, ADDR1 = 1, ADDR0 = 1; DIG = *(p+3); break;
  44   2                      case 4: ADDR2 = 1, ADDR1 = 0, ADDR0 = 0; DIG = *(p+4); break;
  45   2                      case 5: ADDR2 = 1, ADDR1 = 0, ADDR0 = 1; DIG = *(p+5); break;
  46   2                      default: break;
  47   2              }
  48   1      }
  49          
  50          void timer0_set(void) {
  51   1              TMOD = TMOD & 0xF0;
  52   1              TMOD = TMOD | 0x01;             // 8 位自动重装模式，定时 250 us
  53   1              TH0 = 0xFC;                             // 1ms 
  54   1              TL0 = 0x66;
  55   1              EA = 1;
C51 COMPILER V9.00   DIG_DRIVER                                                            05/02/2016 08:02:08 PAGE 2   

  56   1              ET0 = 1;
  57   1              TR0 = 1;
  58   1      }
  59          
  60          


MODULE INFORMATION:   STATIC OVERLAYABLE
   CODE SIZE        =    388    ----
   CONSTANT SIZE    =   ----    ----
   XDATA SIZE       =   ----    ----
   PDATA SIZE       =   ----    ----
   DATA SIZE        =     21       7
   IDATA SIZE       =   ----    ----
   BIT SIZE         =   ----    ----
END OF MODULE INFORMATION.


C51 COMPILATION COMPLETE.  0 WARNING(S),  0 ERROR(S)
