C51 COMPILER V9.00   MIAN                                                                  05/02/2016 08:02:08 PAGE 1   


C51 COMPILER V9.00, COMPILATION OF MODULE MIAN
OBJECT MODULE PLACED IN mian.OBJ
COMPILER INVOKED BY: G:\Keil\C51\BIN\C51.EXE mian.c BROWSE DEBUG OBJECTEXTEND

line level    source

   1          #include <reg52.h>
   2          #include "io.h"
   3          #include "globl.h"
   4          
   5          void main(void){
   6   1              dig_init();
   7   1              timer0_set();
   8   1              uart_config();
   9   1              baud_config();
  10   1              TF0 = 1;
  11   1              while(1){
  12   2                      sec_calc(sec, display);
  13   2              }
  14   1      }
  15          
  16          void timer0_interrupt (void) interrupt 1 {
  17   1              TH0 = 0xFC;
  18   1              TL0 = 0x66;
  19   1      
  20   1              if(sel<6)
  21   1                      sel = sel + 1;
  22   1              else
  23   1                      sel = 0;
  24   1              
  25   1              if( (sec<100000)&&(sel>4) )
  26   1                      sel = 0;
  27   1              else if( (sec<10000)&&(sel>3) )
  28   1                      sel = 0;
  29   1              else if( (sec<1000)&&(sel>2) )
  30   1                      sel = 0;
  31   1              else if( (sec<100)&&(sel>1) )
  32   1                      sel = 0;
  33   1              else if( (sec<10)&&(sel>0) )
  34   1                      sel = 0;
  35   1      
  36   1              dig_scan(sel, display);
  37   1      }
  38          
  39          void uart_interrupt(void) interrupt 4 {
  40   1              if(TI)
  41   1                      TI = 0;
  42   1              if(RI) {
  43   2                      RI = 0;
  44   2                      if(SBUF<10)
  45   2                              sec = sec*10 + SBUF%16;
  46   2                      else if(SBUF==0x0C)
  47   2                              sec = 0x00;
  48   2                      else
  49   2                              sec = sec*100 + (SBUF/16%16)*10 + (SBUF%16);
  50   2              }
  51   1      }


MODULE INFORMATION:   STATIC OVERLAYABLE
   CODE SIZE        =    486    ----
C51 COMPILER V9.00   MIAN                                                                  05/02/2016 08:02:08 PAGE 2   

   CONSTANT SIZE    =   ----    ----
   XDATA SIZE       =   ----    ----
   PDATA SIZE       =   ----    ----
   DATA SIZE        =   ----    ----
   IDATA SIZE       =   ----    ----
   BIT SIZE         =   ----    ----
END OF MODULE INFORMATION.


C51 COMPILATION COMPLETE.  0 WARNING(S),  0 ERROR(S)
