C51 COMPILER V9.00   KEY                                                                   05/08/2016 12:02:39 PAGE 1   


C51 COMPILER V9.00, COMPILATION OF MODULE KEY
OBJECT MODULE PLACED IN key.OBJ
COMPILER INVOKED BY: G:\Keil\C51\BIN\C51.EXE key.c BROWSE DEBUG OBJECTEXTEND

line level    source

   1          #include <reg52.h>
   2          #include "key.h"
   3          
   4          unsigned char scan_cnt = 0;
   5          
   6          void delay(unsigned long time){
   7   1              while(time--);
   8   1      }
   9          
  10          void scan_init(void) {
  11   1              KeyIn1 = 1;
  12   1              KeyIn2 = 1;
  13   1              KeyIn3 = 1;
  14   1              KeyIn4 = 1;     
  15   1      }
  16          
  17          void scan_control(unsigned char s){
  18   1              switch (s){
  19   2                      case 0: {
  20   3                              KeyOut1 = 0;
  21   3                              KeyOut2 = 1;
  22   3                              KeyOut3 = 1;
  23   3                              KeyOut4 = 1;
  24   3                              break;
  25   3                      }
  26   2                      case 1: {
  27   3                              KeyOut1 = 1;
  28   3                              KeyOut2 = 0;
  29   3                              KeyOut3 = 1;
  30   3                              KeyOut4 = 1;
  31   3                              break;
  32   3                      }
  33   2                      case 2: {
  34   3                              KeyOut1 = 1;
  35   3                              KeyOut2 = 1;
  36   3                              KeyOut3 = 0;
  37   3                              KeyOut4 = 1;
  38   3                              break;                  
  39   3                      }
  40   2                      case 3: {
  41   3                              KeyOut1 = 1;
  42   3                              KeyOut2 = 1;
  43   3                              KeyOut3 = 1;
  44   3                              KeyOut4 = 0;
  45   3                              break;                  
  46   3                      }
  47   2                      default: break;
  48   2              }
  49   1      }       
  50          
  51          void key_sent(unsigned char s) {
  52   1              switch(s){
  53   2                      case 0: {
  54   3                              if(KeyIn1 == 0)
  55   3                                      SBUF = '1';
C51 COMPILER V9.00   KEY                                                                   05/08/2016 12:02:39 PAGE 2   

  56   3                              else if(KeyIn2 == 0)
  57   3                                      SBUF = '2';
  58   3                              else if(KeyIn3 == 0)
  59   3                                      SBUF = '3';
  60   3                              else if(KeyIn4 == 0)
  61   3                                      SBUF = 'U';
  62   3                              break;
  63   3                      }
  64   2                      case 1: {
  65   3                              if(KeyIn1 == 0)
  66   3                                      SBUF = '4';
  67   3                              else if(KeyIn2 == 0)
  68   3                                      SBUF = '5';
  69   3                              else if(KeyIn3 == 0)
  70   3                                      SBUF = '6';
  71   3                              else if(KeyIn4 == 0)
  72   3                                      SBUF = 'L';
  73   3                              break;
  74   3                      }
  75   2                      case 2: {
  76   3                              if(KeyIn1 == 0)
  77   3                                      SBUF = '7';
  78   3                              else if(KeyIn2 == 0)
  79   3                                      SBUF = '8';
  80   3                              else if(KeyIn3 == 0)
  81   3                                      SBUF = '9';
  82   3                              else if(KeyIn4 == 0)
  83   3                                      SBUF = 'D';
  84   3                              break;
  85   3                      }
  86   2                      case 3: {
  87   3                              if(KeyIn1 == 0)
  88   3                                      SBUF = '0';
  89   3                              else if(KeyIn2 == 0)
  90   3                                      SBUF = 'Q';
  91   3                              else if(KeyIn3 == 0)
  92   3                                      SBUF = 'E';
  93   3                              else if(KeyIn4 == 0)
  94   3                                      SBUF = 'R';
  95   3                              break;
  96   3                      }
  97   2                      default: break;
  98   2              }
  99   1      }


MODULE INFORMATION:   STATIC OVERLAYABLE
   CODE SIZE        =    204    ----
   CONSTANT SIZE    =   ----    ----
   XDATA SIZE       =   ----    ----
   PDATA SIZE       =   ----    ----
   DATA SIZE        =      1       4
   IDATA SIZE       =   ----    ----
   BIT SIZE         =   ----    ----
END OF MODULE INFORMATION.


C51 COMPILATION COMPLETE.  0 WARNING(S),  0 ERROR(S)
