C51 COMPILER V9.00   MAIN                                                                  05/08/2016 12:02:39 PAGE 1   


C51 COMPILER V9.00, COMPILATION OF MODULE MAIN
OBJECT MODULE PLACED IN main.OBJ
COMPILER INVOKED BY: G:\Keil\C51\BIN\C51.EXE main.c BROWSE DEBUG OBJECTEXTEND

line level    source

   1          #include<reg52.h>
   2          #include "key.h"
   3          #include "uart.h"
   4          
   5          void main(void) {
   6   1              uart_config();
   7   1              baud_config();
   8   1              scan_init();
   9   1              while(1){
  10   2                      scan_cnt = scan_cnt + 1;
  11   2                      if(scan_cnt>=4)         
  12   2                              scan_cnt = 0;
  13   2                      scan_control(scan_cnt);
  14   2                      key_sent(scan_cnt);
  15   2                      delay(100);
  16   2              }
  17   1      }
  18          
  19          void uart_interrupt(void) interrupt 4 {
  20   1              if(TI)
  21   1                      TI = 0;
  22   1              if(RI)
  23   1                      RI = 0;
  24   1      }


MODULE INFORMATION:   STATIC OVERLAYABLE
   CODE SIZE        =     55    ----
   CONSTANT SIZE    =   ----    ----
   XDATA SIZE       =   ----    ----
   PDATA SIZE       =   ----    ----
   DATA SIZE        =   ----    ----
   IDATA SIZE       =   ----    ----
   BIT SIZE         =   ----    ----
END OF MODULE INFORMATION.


C51 COMPILATION COMPLETE.  0 WARNING(S),  0 ERROR(S)
