C51 COMPILER V9.00   PRINTF                                                                04/27/2016 11:56:16 PAGE 1   


C51 COMPILER V9.00, COMPILATION OF MODULE PRINTF
OBJECT MODULE PLACED IN printf.OBJ
COMPILER INVOKED BY: G:\Keil\C51\BIN\C51.EXE printf.c BROWSE DEBUG OBJECTEXTEND

line level    source

   1          #include<reg52.h>
   2          
   3          unsigned char code uart_baud = 256 - 11059200/12/32/9600;
   4          unsigned char print_string[] = "abc ";
   5          
   6          void uart_config(void);
   7          void baud_config(void);
   8          
   9          void main(void){
  10   1              
  11   1              uart_config();
  12   1              baud_config();
  13   1              while(1);
  14   1      }
  15          
  16          void uart_config(void){
  17   1      //      PCON = PCON | 0x80;
  18   1              SCON = 0x50;
  19   1              ES = 1;         // 串口中断使能
  20   1      }
  21          
  22          void baud_config(void){
  23   1              TMOD = TMOD & 0x0F;             // 清零 高 8 位
  24   1              TMOD = TMOD | 0x20;             // 高 8 位设为 4'b0010 即自动重装模式
  25   1              EA = 1;
  26   1              IT1 = 0;                                //关闭 定时器 1 中断
  27   1              TH1 = uart_baud;
  28   1              TL1 = uart_baud;
  29   1              TR1 = 1;
  30   1      }
  31          
  32          void uart_interrupt(void) interrupt 4 {
  33   1              static unsigned char i = 0;
  34   1              if(TI){
  35   2                      TI = 0;
  36   2                      if(print_string[i] == '\0') {
  37   3                              i = 0;  
  38   3                      }else {
  39   3                              SBUF = print_string[i];
  40   3                              i++;
  41   3                      }
  42   2              }
  43   1              if(RI){
  44   2                      RI = 0;
  45   2                      TI = 1;
  46   2              }
  47   1      }
  48          


MODULE INFORMATION:   STATIC OVERLAYABLE
   CODE SIZE        =     86    ----
   CONSTANT SIZE    =      1    ----
   XDATA SIZE       =   ----    ----
   PDATA SIZE       =   ----    ----
C51 COMPILER V9.00   PRINTF                                                                04/27/2016 11:56:16 PAGE 2   

   DATA SIZE        =      6    ----
   IDATA SIZE       =   ----    ----
   BIT SIZE         =   ----    ----
END OF MODULE INFORMATION.


C51 COMPILATION COMPLETE.  0 WARNING(S),  0 ERROR(S)
